STAR version=2.7.3a
STAR compilation time,server,dir=Mon Jun 15 11:32:58 BST 2020 rescomp3.hpc.in.bmrc.ox.ac.uk:/dev/shm/STAR/2.7.3a/GCC-9.3.0/STAR-2.7.3a/source
##### Command Line:
STAR --runThreadN 8 --outBAMsortingThreadN 1 --outBAMsortingBinsN 50 --genomeDir /well/immune-rep/shared/CODE/VIRAL_SEQ_Reference/VIRAL_SEQ_273a_NCBI --readFilesIn /well/immune-rep/shared/CODE/Viral-Seq/SingleCell/Downsamples/sub100k.fa --outSAMattributes NH HI AS nM NM XS --outFileNamePrefix /gpfs2/well/immune-rep/shared/CODE/Viral-Seq/ExampleOutput/ViRNA_SEQ_UNIQUE_Mapping_Analysis/sub100k/sub100k --outSAMtype BAM SortedByCoordinate --twopassMode Basic --outFilterMatchNmin 35 --outMultimapperOrder Random --runRNGseed 1 --outFilterScoreMinOverLread 0.6 --outFilterMatchNminOverLread 0.6
##### Initial USER parameters from Command Line:
outFileNamePrefix                 /gpfs2/well/immune-rep/shared/CODE/Viral-Seq/ExampleOutput/ViRNA_SEQ_UNIQUE_Mapping_Analysis/sub100k/sub100k
###### All USER parameters from Command Line:
runThreadN                    8     ~RE-DEFINED
outBAMsortingThreadN          1     ~RE-DEFINED
outBAMsortingBinsN            50     ~RE-DEFINED
genomeDir                     /well/immune-rep/shared/CODE/VIRAL_SEQ_Reference/VIRAL_SEQ_273a_NCBI     ~RE-DEFINED
readFilesIn                   /well/immune-rep/shared/CODE/Viral-Seq/SingleCell/Downsamples/sub100k.fa        ~RE-DEFINED
outSAMattributes              NH   HI   AS   nM   NM   XS        ~RE-DEFINED
outFileNamePrefix             /gpfs2/well/immune-rep/shared/CODE/Viral-Seq/ExampleOutput/ViRNA_SEQ_UNIQUE_Mapping_Analysis/sub100k/sub100k     ~RE-DEFINED
outSAMtype                    BAM   SortedByCoordinate        ~RE-DEFINED
twopassMode                   Basic     ~RE-DEFINED
outFilterMatchNmin            35     ~RE-DEFINED
outMultimapperOrder           Random     ~RE-DEFINED
runRNGseed                    1     ~RE-DEFINED
outFilterScoreMinOverLread    0.6     ~RE-DEFINED
outFilterMatchNminOverLread   0.6     ~RE-DEFINED
##### Finished reading parameters from all sources

##### Final user re-defined parameters-----------------:
runThreadN                        8
runRNGseed                        1
genomeDir                         /well/immune-rep/shared/CODE/VIRAL_SEQ_Reference/VIRAL_SEQ_273a_NCBI
readFilesIn                       /well/immune-rep/shared/CODE/Viral-Seq/SingleCell/Downsamples/sub100k.fa   
outFileNamePrefix                 /gpfs2/well/immune-rep/shared/CODE/Viral-Seq/ExampleOutput/ViRNA_SEQ_UNIQUE_Mapping_Analysis/sub100k/sub100k
outMultimapperOrder               Random
outSAMtype                        BAM   SortedByCoordinate   
outSAMattributes                  NH   HI   AS   nM   NM   XS   
outBAMsortingThreadN              1
outBAMsortingBinsN                50
outFilterScoreMinOverLread        0.6
outFilterMatchNmin                35
outFilterMatchNminOverLread       0.6
twopassMode                       Basic

-------------------------------
##### Final effective command line:
STAR   --runThreadN 8   --runRNGseed 1   --genomeDir /well/immune-rep/shared/CODE/VIRAL_SEQ_Reference/VIRAL_SEQ_273a_NCBI   --readFilesIn /well/immune-rep/shared/CODE/Viral-Seq/SingleCell/Downsamples/sub100k.fa      --outFileNamePrefix /gpfs2/well/immune-rep/shared/CODE/Viral-Seq/ExampleOutput/ViRNA_SEQ_UNIQUE_Mapping_Analysis/sub100k/sub100k   --outMultimapperOrder Random   --outSAMtype BAM   SortedByCoordinate      --outSAMattributes NH   HI   AS   nM   NM   XS      --outBAMsortingThreadN 1   --outBAMsortingBinsN 50   --outFilterScoreMinOverLread 0.6   --outFilterMatchNmin 35   --outFilterMatchNminOverLread 0.6   --twopassMode Basic
----------------------------------------

WARNING --outSAMattributes contains XS, therefore STAR will use --outSAMstrandField intronMotif
WARNING: --limitBAMsortRAM=0, will use genome size as RAM limit for BAM sorting
Finished loading and checking parameters
Reading genome generation parameters:
### STAR   --runMode genomeGenerate   --runThreadN 7   --genomeDir VIRAL_SEQ_273a_NCBI/   --genomeFastaFiles HUMAN_Reference/Homo_sapiens.GRCh38.dna.chromosome.1.fa   HUMAN_Reference/Homo_sapiens.GRCh38.dna.chromosome.10.fa   HUMAN_Reference/Homo_sapiens.GRCh38.dna.chromosome.11.fa   HUMAN_Reference/Homo_sapiens.GRCh38.dna.chromosome.12.fa   HUMAN_Reference/Homo_sapiens.GRCh38.dna.chromosome.13.fa   HUMAN_Reference/Homo_sapiens.GRCh38.dna.chromosome.14.fa   HUMAN_Reference/Homo_sapiens.GRCh38.dna.chromosome.15.fa   HUMAN_Reference/Homo_sapiens.GRCh38.dna.chromosome.16.fa   HUMAN_Reference/Homo_sapiens.GRCh38.dna.chromosome.17.fa   HUMAN_Reference/Homo_sapiens.GRCh38.dna.chromosome.18.fa   HUMAN_Reference/Homo_sapiens.GRCh38.dna.chromosome.19.fa   HUMAN_Reference/Homo_sapiens.GRCh38.dna.chromosome.2.fa   HUMAN_Reference/Homo_sapiens.GRCh38.dna.chromosome.20.fa   HUMAN_Reference/Homo_sapiens.GRCh38.dna.chromosome.21.fa   HUMAN_Reference/Homo_sapiens.GRCh38.dna.chromosome.22.fa   HUMAN_Reference/Homo_sapiens.GRCh38.dna.chromosome.3.fa   HUMAN_Reference/Homo_sapiens.GRCh38.dna.chromosome.4.fa   HUMAN_Reference/Homo_sapiens.GRCh38.dna.chromosome.5.fa   HUMAN_Reference/Homo_sapiens.GRCh38.dna.chromosome.6.fa   HUMAN_Reference/Homo_sapiens.GRCh38.dna.chromosome.7.fa   HUMAN_Reference/Homo_sapiens.GRCh38.dna.chromosome.8.fa   HUMAN_Reference/Homo_sapiens.GRCh38.dna.chromosome.9.fa   HUMAN_Reference/Homo_sapiens.GRCh38.dna.chromosome.MT.fa   HUMAN_Reference/Homo_sapiens.GRCh38.dna.chromosome.X.fa   HUMAN_Reference/Homo_sapiens.GRCh38.dna.chromosome.Y.fa   HUMAN_Reference/Homo_sapiens.GRCh38.dna.nonchromosomal.fa   Viral_FA_REFERENCE/EBNA_2_type_2.fasta   Viral_FA_REFERENCE/EBNA_3A_type_2.fasta   Viral_FA_REFERENCE/EBNA_3B_type2.fasta   Viral_FA_REFERENCE/EBNA_3C_type2.fasta   Viral_FA_REFERENCE/NCBA_reference_Feb2022.fasta   
### GstrandBit=32
versionGenome                 2.7.1a     ~RE-DEFINED
genomeFastaFiles              HUMAN_Reference/Homo_sapiens.GRCh38.dna.chromosome.1.fa   HUMAN_Reference/Homo_sapiens.GRCh38.dna.chromosome.10.fa   HUMAN_Reference/Homo_sapiens.GRCh38.dna.chromosome.11.fa   HUMAN_Reference/Homo_sapiens.GRCh38.dna.chromosome.12.fa   HUMAN_Reference/Homo_sapiens.GRCh38.dna.chromosome.13.fa   HUMAN_Reference/Homo_sapiens.GRCh38.dna.chromosome.14.fa   HUMAN_Reference/Homo_sapiens.GRCh38.dna.chromosome.15.fa   HUMAN_Reference/Homo_sapiens.GRCh38.dna.chromosome.16.fa   HUMAN_Reference/Homo_sapiens.GRCh38.dna.chromosome.17.fa   HUMAN_Reference/Homo_sapiens.GRCh38.dna.chromosome.18.fa   HUMAN_Reference/Homo_sapiens.GRCh38.dna.chromosome.19.fa   HUMAN_Reference/Homo_sapiens.GRCh38.dna.chromosome.2.fa   HUMAN_Reference/Homo_sapiens.GRCh38.dna.chromosome.20.fa   HUMAN_Reference/Homo_sapiens.GRCh38.dna.chromosome.21.fa   HUMAN_Reference/Homo_sapiens.GRCh38.dna.chromosome.22.fa   HUMAN_Reference/Homo_sapiens.GRCh38.dna.chromosome.3.fa   HUMAN_Reference/Homo_sapiens.GRCh38.dna.chromosome.4.fa   HUMAN_Reference/Homo_sapiens.GRCh38.dna.chromosome.5.fa   HUMAN_Reference/Homo_sapiens.GRCh38.dna.chromosome.6.fa   HUMAN_Reference/Homo_sapiens.GRCh38.dna.chromosome.7.fa   HUMAN_Reference/Homo_sapiens.GRCh38.dna.chromosome.8.fa   HUMAN_Reference/Homo_sapiens.GRCh38.dna.chromosome.9.fa   HUMAN_Reference/Homo_sapiens.GRCh38.dna.chromosome.MT.fa   HUMAN_Reference/Homo_sapiens.GRCh38.dna.chromosome.X.fa   HUMAN_Reference/Homo_sapiens.GRCh38.dna.chromosome.Y.fa   HUMAN_Reference/Homo_sapiens.GRCh38.dna.nonchromosomal.fa   Viral_FA_REFERENCE/EBNA_2_type_2.fasta   Viral_FA_REFERENCE/EBNA_3A_type_2.fasta   Viral_FA_REFERENCE/EBNA_3B_type2.fasta   Viral_FA_REFERENCE/EBNA_3C_type2.fasta   Viral_FA_REFERENCE/NCBA_reference_Feb2022.fasta        ~RE-DEFINED
genomeSAindexNbases           14     ~RE-DEFINED
genomeChrBinNbits             18     ~RE-DEFINED
genomeSAsparseD               1     ~RE-DEFINED
sjdbOverhang                  0     ~RE-DEFINED
sjdbFileChrStartEnd           -        ~RE-DEFINED
sjdbGTFfile                   -     ~RE-DEFINED
sjdbGTFchrPrefix              -     ~RE-DEFINED
sjdbGTFfeatureExon            exon     ~RE-DEFINED
sjdbGTFtagExonParentTranscripttranscript_id     ~RE-DEFINED
sjdbGTFtagExonParentGene      gene_id     ~RE-DEFINED
sjdbInsertSave                Basic     ~RE-DEFINED
genomeFileSizes               3218341888   24331036920        ~RE-DEFINED
Genome version is compatible with current STAR
Number of real (reference) chromosomes= 499
1	1	248956422	0
2	10	133797422	249036800
3	11	135086622	382992384
4	12	133275309	518258688
5	13	114364328	651689984
6	14	107043718	766246912
7	15	101991189	873463808
8	16	90338345	975699968
9	17	83257441	1066139648
10	18	80373285	1149501440
11	19	58617616	1229979648
12	2	242193529	1288699904
13	20	64444167	1530920960
14	21	46709983	1595408384
15	22	50818468	1642332160
16	3	198295559	1693188096
17	4	190214555	1891631104
18	5	181538259	2081947648
19	6	170805979	2263613440
20	7	159345973	2434531328
21	8	145138636	2593914880
22	9	138394717	2739142656
23	MT	16569	2877554688
24	X	156040895	2877816832
25	Y	57227415	3034054656
26	KI270728.1	1872759	3091464192
27	KI270727.1	448248	3093561344
28	KI270442.1	392061	3094085632
29	KI270729.1	280839	3094609920
30	GL000225.1	211173	3095134208
31	KI270743.1	210658	3095396352
32	GL000008.2	209709	3095658496
33	GL000009.2	201709	3095920640
34	KI270747.1	198735	3096182784
35	KI270722.1	194050	3096444928
36	GL000194.1	191469	3096707072
37	KI270742.1	186739	3096969216
38	GL000205.2	185591	3097231360
39	GL000195.1	182896	3097493504
40	KI270736.1	181920	3097755648
41	KI270733.1	179772	3098017792
42	GL000224.1	179693	3098279936
43	GL000219.1	179198	3098542080
44	KI270719.1	176845	3098804224
45	GL000216.2	176608	3099066368
46	KI270712.1	176043	3099328512
47	KI270706.1	175055	3099590656
48	KI270725.1	172810	3099852800
49	KI270744.1	168472	3100114944
50	KI270734.1	165050	3100377088
51	GL000213.1	164239	3100639232
52	GL000220.1	161802	3100901376
53	KI270715.1	161471	3101163520
54	GL000218.1	161147	3101425664
55	KI270749.1	158759	3101687808
56	KI270741.1	157432	3101949952
57	GL000221.1	155397	3102212096
58	KI270716.1	153799	3102474240
59	KI270731.1	150754	3102736384
60	KI270751.1	150742	3102998528
61	KI270750.1	148850	3103260672
62	KI270519.1	138126	3103522816
63	GL000214.1	137718	3103784960
64	KI270708.1	127682	3104047104
65	KI270730.1	112551	3104309248
66	KI270438.1	112505	3104571392
67	KI270737.1	103838	3104833536
68	KI270721.1	100316	3105095680
69	KI270738.1	99375	3105357824
70	KI270748.1	93321	3105619968
71	KI270435.1	92983	3105882112
72	GL000208.1	92689	3106144256
73	KI270538.1	91309	3106406400
74	KI270756.1	79590	3106668544
75	KI270739.1	73985	3106930688
76	KI270757.1	71251	3107192832
77	KI270709.1	66860	3107454976
78	KI270746.1	66486	3107717120
79	KI270753.1	62944	3107979264
80	KI270589.1	44474	3108241408
81	KI270726.1	43739	3108503552
82	KI270735.1	42811	3108765696
83	KI270711.1	42210	3109027840
84	KI270745.1	41891	3109289984
85	KI270714.1	41717	3109552128
86	KI270732.1	41543	3109814272
87	KI270713.1	40745	3110076416
88	KI270754.1	40191	3110338560
89	KI270710.1	40176	3110600704
90	KI270717.1	40062	3110862848
91	KI270724.1	39555	3111124992
92	KI270720.1	39050	3111387136
93	KI270723.1	38115	3111649280
94	KI270718.1	38054	3111911424
95	KI270317.1	37690	3112173568
96	KI270740.1	37240	3112435712
97	KI270755.1	36723	3112697856
98	KI270707.1	32032	3112960000
99	KI270579.1	31033	3113222144
100	KI270752.1	27745	3113484288
101	KI270512.1	22689	3113746432
102	KI270322.1	21476	3114008576
103	GL000226.1	15008	3114270720
104	KI270311.1	12399	3114532864
105	KI270366.1	8320	3114795008
106	KI270511.1	8127	3115057152
107	KI270448.1	7992	3115319296
108	KI270521.1	7642	3115581440
109	KI270581.1	7046	3115843584
110	KI270582.1	6504	3116105728
111	KI270515.1	6361	3116367872
112	KI270588.1	6158	3116630016
113	KI270591.1	5796	3116892160
114	KI270522.1	5674	3117154304
115	KI270507.1	5353	3117416448
116	KI270590.1	4685	3117678592
117	KI270584.1	4513	3117940736
118	KI270320.1	4416	3118202880
119	KI270382.1	4215	3118465024
120	KI270468.1	4055	3118727168
121	KI270467.1	3920	3118989312
122	KI270362.1	3530	3119251456
123	KI270517.1	3253	3119513600
124	KI270593.1	3041	3119775744
125	KI270528.1	2983	3120037888
126	KI270587.1	2969	3120300032
127	KI270364.1	2855	3120562176
128	KI270371.1	2805	3120824320
129	KI270333.1	2699	3121086464
130	KI270374.1	2656	3121348608
131	KI270411.1	2646	3121610752
132	KI270414.1	2489	3121872896
133	KI270510.1	2415	3122135040
134	KI270390.1	2387	3122397184
135	KI270375.1	2378	3122659328
136	KI270420.1	2321	3122921472
137	KI270509.1	2318	3123183616
138	KI270315.1	2276	3123445760
139	KI270302.1	2274	3123707904
140	KI270518.1	2186	3123970048
141	KI270530.1	2168	3124232192
142	KI270304.1	2165	3124494336
143	KI270418.1	2145	3124756480
144	KI270424.1	2140	3125018624
145	KI270417.1	2043	3125280768
146	KI270508.1	1951	3125542912
147	KI270303.1	1942	3125805056
148	KI270381.1	1930	3126067200
149	KI270529.1	1899	3126329344
150	KI270425.1	1884	3126591488
151	KI270396.1	1880	3126853632
152	KI270363.1	1803	3127115776
153	KI270386.1	1788	3127377920
154	KI270465.1	1774	3127640064
155	KI270383.1	1750	3127902208
156	KI270384.1	1658	3128164352
157	KI270330.1	1652	3128426496
158	KI270372.1	1650	3128688640
159	KI270548.1	1599	3128950784
160	KI270580.1	1553	3129212928
161	KI270387.1	1537	3129475072
162	KI270391.1	1484	3129737216
163	KI270305.1	1472	3129999360
164	KI270373.1	1451	3130261504
165	KI270422.1	1445	3130523648
166	KI270316.1	1444	3130785792
167	KI270340.1	1428	3131047936
168	KI270338.1	1428	3131310080
169	KI270583.1	1400	3131572224
170	KI270334.1	1368	3131834368
171	KI270429.1	1361	3132096512
172	KI270393.1	1308	3132358656
173	KI270516.1	1300	3132620800
174	KI270389.1	1298	3132882944
175	KI270466.1	1233	3133145088
176	KI270388.1	1216	3133407232
177	KI270544.1	1202	3133669376
178	KI270310.1	1201	3133931520
179	KI270412.1	1179	3134193664
180	KI270395.1	1143	3134455808
181	KI270376.1	1136	3134717952
182	KI270337.1	1121	3134980096
183	KI270335.1	1048	3135242240
184	KI270378.1	1048	3135504384
185	KI270379.1	1045	3135766528
186	KI270329.1	1040	3136028672
187	KI270419.1	1029	3136290816
188	KI270336.1	1026	3136552960
189	KI270312.1	998	3136815104
190	KI270539.1	993	3137077248
191	KI270385.1	990	3137339392
192	KI270423.1	981	3137601536
193	KI270392.1	971	3137863680
194	KI270394.1	970	3138125824
195	NC_009334EBNA2.1	1365	3138387968
196	NC_009334EBNA3A.1	2778	3138650112
197	NC_009334EBNA3B.1	3381	3138912256
198	NC_009334EBNA3C.1	3210	3139174400
199	NC_001918.1	8251	3139436544
200	NC_055230.1	221923	3139698688
201	NC_055330.1	6418	3139960832
202	NC_055331.1	1751	3140222976
203	NC_055332.1	4286	3140485120
204	NC_016155.1	6119	3140747264
205	NC_019028.1	6124	3141009408
206	NC_019026.1	6581	3141271552
207	NC_019027.1	6518	3141533696
208	NC_043067.1	11892	3141795840
209	NC_035758.1	6339	3142057984
210	NC_024888.1	4733	3142320128
211	NC_014373.1	18940	3142582272
212	NC_024472.1	6577	3142844416
213	NC_034479.1	6934	3143106560
214	NC_034480.1	1096	3143368704
215	NC_034490.1	4557	3143630848
216	NC_015373.1	4326	3143892992
217	NC_015374.1	6327	3144155136
218	NC_015375.1	1842	3144417280
219	NC_038726.1	807	3144679424
220	NC_038727.1	4420	3144941568
221	NC_038728.1	6797	3145203712
222	NC_039024.1	13220	3145465856
223	NC_020805.1	11120	3145728000
224	NC_010562.1	3357	3145990144
225	NC_010563.1	7107	3146252288
226	NC_023888.1	2526	3146514432
227	NC_030449.1	2951	3146776576
228	NC_012800.1	7632	3147038720
229	NC_012801.1	7205	3147300864
230	NC_012802.1	7215	3147563008
231	NC_012798.1	6580	3147825152
232	NC_034385.1	6656	3148087296
233	NC_025961.1	7213	3148349440
234	NC_043450.1	6255	3148611584
235	NC_043451.1	3336	3148873728
236	NC_043452.1	1681	3149135872
237	NC_020810.1	11976	3149398016
238	NC_039025.1	11954	3149660160
239	NC_055339.1	6411	3149922304
240	NC_055340.1	1818	3150184448
241	NC_055341.1	4287	3150446592
242	NC_038282.1	12659	3150708736
243	NC_038283.1	12674	3150970880
244	NC_030454.1	7317	3151233024
245	NC_038307.1	7399	3151495168
246	NC_009528.2	11930	3151757312
247	NC_043615.1	4463	3152019456
248	NC_043616.1	948	3152281600
249	NC_043617.1	6883	3152543744
250	NC_014185.1	7342	3152805888
251	NC_021483.1	7286	3153068032
252	NC_017994.1	7319	3153330176
253	NC_017996.1	7341	3153592320
254	NC_016157.1	7326	3153854464
255	NC_014955.1	7125	3154116608
256	NC_014469.1	7181	3154378752
257	NC_014952.1	7259	3154640896
258	NC_014954.1	7182	3154903040
259	NC_022095.1	7228	3155165184
260	NC_017993.1	7293	3155427328
261	NC_017995.1	7236	3155689472
262	NC_017997.1	7271	3155951616
263	NC_033781.1	7329	3156213760
264	NC_038522.1	7238	3156475904
265	NC_019023.1	7212	3156738048
266	NC_028125.1	7233	3157000192
267	NC_022892.1	7228	3157262336
268	NC_038523.1	7203	3157524480
269	NC_038524.1	7226	3157786624
270	NC_023891.1	7314	3158048768
271	NC_038914.1	7324	3158310912
272	NC_039086.1	7268	3158573056
273	NC_027528.1	7291	3158835200
274	NC_014956.1	7309	3159097344
275	NC_014953.1	7219	3159359488
276	NC_013035.1	7184	3159621632
277	NC_040550.1	7226	3159883776
278	NC_040619.1	7257	3160145920
279	NC_040620.1	7350	3160408064
280	NC_040688.1	7191	3160670208
281	NC_040691.1	7270	3160932352
282	NC_040803.1	7251	3161194496
283	NC_040804.1	7255	3161456640
284	NC_040805.1	7282	3161718784
285	NC_040806.1	7328	3161980928
286	NC_030447.1	2264	3162243072
287	NC_026817.1	2235	3162505216
288	NC_038496.1	2109	3162767360
289	NC_038497.1	2202	3163029504
290	NC_030448.1	2262	3163291648
291	NC_028459.1	2272	3163553792
292	NC_034486.1	955	3163815936
293	NC_034487.1	6824	3164078080
294	NC_034506.1	4486	3164340224
295	NC_043445.1	13072	3164602368
296	NC_017091.1	2359	3164864512
297	NC_022789.1	2282	3165126656
298	NC_018401.1	2034	3165388800
299	NC_022788.1	2020	3165650944
300	NC_013443.1	6534	3165913088
301	NC_024494.1	3427	3166175232
302	NC_024495.1	6368	3166437376
303	NC_024496.1	1772	3166699520
304	NC_038426.1	9143	3166961664
305	NC_030791.1	9443	3167223808
306	NC_009824.1	9456	3167485952
307	NC_009825.1	9355	3167748096
308	NC_009826.1	9343	3168010240
309	NC_035475.1	2585	3168272384
310	NC_040309.1	9585	3168534528
311	NC_011800.1	8791	3168796672
312	NC_001348.1	124884	3169058816
313	NC_038392.1	1699	3169320960
314	NC_038412.1	1759	3169583104
315	NC_023874.2	1790	3169845248
316	NC_038418.1	1710	3170107392
317	NC_032682.2	1723	3170369536
318	NC_036877.1	1723	3170631680
319	NC_038413.1	1740	3170893824
320	NC_038414.1	1867	3171155968
321	NC_038415.1	1780	3171418112
322	NC_038416.1	1794	3171680256
323	NC_038417.1	1795	3171942400
324	NC_039215.1	1856	3172204544
325	NC_021568.1	1832	3172466688
326	NC_039061.1	2460	3172728832
327	NC_039062.1	2471	3172990976
328	NC_039063.1	2459	3173253120
329	NC_006273.2	235646	3173515264
330	NC_001664.4	159378	3173777408
331	NC_000898.1	162114	3174039552
332	NC_001716.2	153080	3174301696
333	NC_024694.1	2836	3174563840
334	NC_006577.2	29926	3174825984
335	NC_023984.1	7802	3175088128
336	NC_022518.1	9472	3175350272
337	NC_004295.1	5028	3175612416
338	NC_035212.1	3925	3175874560
339	NC_035213.1	1942	3176136704
340	NC_035211.1	2343	3176398848
341	NC_040306.1	2928	3176660992
342	NC_007605.1	171823	3176923136
343	NC_009333.1	137969	3177185280
344	NC_001802.1	9181	3177447424
345	NC_001722.1	10359	3177709568
346	NC_001460.1	34125	3177971712
347	NC_011202.1	34794	3178233856
348	NC_011203.1	35343	3178496000
349	NC_001405.1	35937	3178758144
350	NC_010956.1	35083	3179020288
351	NC_001454.1	34214	3179282432
352	NC_027779.1	7320	3179544576
353	NC_026946.1	7143	3179806720
354	NC_034616.1	7812	3180068864
355	NC_018102.1	4927	3180331008
356	NC_020106.1	4776	3180593152
357	NC_024118.1	5108	3180855296
358	NC_034253.1	5269	3181117440
359	NC_010277.2	5387	3181379584
360	NC_014406.1	4926	3181641728
361	NC_014407.1	4952	3181903872
362	NC_014361.1	5232	3182166016
363	NC_015150.1	5026	3182428160
364	NC_026252.1	2460	3182690304
365	NC_032480.1	8856	3182952448
366	NC_043585.1	970	3183214592
367	NC_043586.1	4440	3183476736
368	NC_043587.1	6888	3183738880
369	NC_026431.1	982	3184001024
370	NC_026432.1	863	3184263168
371	NC_026433.1	1701	3184525312
372	NC_026434.1	1410	3184787456
373	NC_026435.1	2274	3185049600
374	NC_026436.1	1497	3185311744
375	NC_026437.1	2151	3185573888
376	NC_026438.1	2280	3185836032
377	NC_026422.1	2280	3186098176
378	NC_026423.1	2297	3186360320
379	NC_026424.1	2176	3186622464
380	NC_026425.1	1708	3186884608
381	NC_026426.1	1506	3187146752
382	NC_026427.1	985	3187408896
383	NC_026428.1	841	3187671040
384	NC_026429.1	1398	3187933184
385	NC_007366.1	1762	3188195328
386	NC_007367.1	1027	3188457472
387	NC_007368.1	1467	3188719616
388	NC_007369.1	1566	3188981760
389	NC_007370.1	890	3189243904
390	NC_007371.1	2233	3189506048
391	NC_007372.1	2341	3189768192
392	NC_007373.1	2341	3190030336
393	NC_034443.1	11450	3190292480
394	NC_038594.1	3936	3190554624
395	NC_038595.1	2976	3190816768
396	NC_038596.1	1971	3191078912
397	NC_038597.1	1601	3191341056
398	NC_038598.1	1108	3191603200
399	NC_038599.1	1166	3191865344
400	NC_038600.1	3017	3192127488
401	NC_038601.1	1736	3192389632
402	NC_038602.1	739	3192651776
403	NC_038603.1	997	3192913920
404	NC_012776.1	3189	3193176064
405	NC_012777.1	7163	3193438208
406	NC_034497.1	6872	3193700352
407	NC_034498.1	1090	3193962496
408	NC_034505.1	4642	3194224640
409	NC_055342.1	1827	3194486784
410	NC_055343.1	3989	3194748928
411	NC_055344.1	6305	3195011072
412	NC_013060.1	6586	3195273216
413	NC_024781.1	19114	3195535360
414	NC_038294.1	30111	3195797504
415	NC_019843.3	30119	3196059648
416	NC_038525.1	7227	3196321792
417	NC_035469.1	200223	3196583936
418	NC_044932.1	7525	3196846080
419	NC_044853.1	7677	3197108224
420	NC_044854.1	7693	3197370368
421	NC_044855.1	7419	3197632512
422	NC_044856.1	7734	3197894656
423	NC_044045.1	7551	3198156800
424	NC_044046.1	7543	3198418944
425	NC_040876.1	7521	3198681088
426	NC_039897.1	7745	3198943232
427	NC_039475.1	7556	3199205376
428	NC_039477.1	7567	3199467520
429	NC_029647.1	7527	3199729664
430	NC_038604.1	3942	3199991808
431	NC_038605.1	2933	3200253952
432	NC_038606.1	1957	3200516096
433	NC_038607.1	1166	3200778240
434	NC_038608.1	1089	3201040384
435	NC_038609.1	1605	3201302528
436	NC_038610.1	2781	3201564672
437	NC_038611.1	1735	3201826816
438	NC_038612.1	925	3202088960
439	NC_038613.1	761	3202351104
440	NC_022089.1	3780	3202613248
441	NC_038436.1	9538	3202875392
442	NC_027998.2	9867	3203137536
443	NC_039070.1	2601	3203399680
444	NC_035474.1	2560	3203661824
445	NC_012564.1	5242	3203923968
446	NC_012729.2	5104	3204186112
447	NC_012042.1	5196	3204448256
448	NC_039050.1	4456	3204710400
449	NC_007018.1	5268	3204972544
450	NC_039191.1	4348	3205234688
451	NC_039192.1	6407	3205496832
452	NC_039193.1	1863	3205758976
453	NC_024070.1	8931	3206021120
454	NC_018136.1	6368	3206283264
455	NC_018137.1	1744	3206545408
456	NC_018138.1	3378	3206807552
457	NC_012986.1	7989	3207069696
458	NC_012957.1	7982	3207331840
459	NC_025114.1	7998	3207593984
460	NC_045512.2	29903	3207856128
461	NC_004718.3	29751	3208118272
462	NC_015411.1	4403	3208380416
463	NC_015412.1	6439	3208642560
464	NC_015413.1	1761	3208904704
465	NC_005215.1	3696	3209166848
466	NC_005217.1	6562	3209428992
467	NC_007013.1	2249	3209691136
468	NC_007014.1	2635	3209953280
469	NC_025343.1	15480	3210215424
470	NC_006432.1	18875	3210477568
471	NC_020498.1	2912	3210739712
472	NC_014372.1	18935	3211001856
473	NC_009225.1	3245	3211264000
474	NC_038357.1	3175	3211526144
475	NC_038358.1	3198	3211788288
476	NC_038359.1	3187	3212050432
477	NC_038360.1	3230	3212312576
478	NC_038361.1	3223	3212574720
479	NC_014093.1	3253	3212836864
480	NC_038350.1	2002	3213099008
481	NC_038351.1	2454	3213361152
482	NC_038352.1	3208	3213623296
483	NC_038353.1	3198	3213885440
484	NC_038354.1	3197	3214147584
485	NC_038355.1	3223	3214409728
486	NC_038356.1	3187	3214671872
487	NC_014097.1	2856	3214934016
488	NC_038345.1	2887	3215196160
489	NC_038346.1	2871	3215458304
490	NC_038347.1	2912	3215720448
491	NC_025727.1	2855	3215982592
492	NC_030297.1	2803	3216244736
493	NC_025726.1	2914	3216506880
494	NC_014089.1	2908	3216769024
495	NC_014095.1	2897	3217031168
496	NC_014068.1	2910	3217293312
497	NC_038337.1	3064	3217555456
498	NC_055523.1	3056	3217817600
499	NC_035889.1	10808	3218079744
Started loading the genome: Fri Jul 22 18:08:10 2022

Genome: size given as a parameter = 3218341888
SA: size given as a parameter = 24331036920
SAindex: size given as a parameter = 1
Read from SAindex: pGe.gSAindexNbases=14  nSAi=357913940
nGenome=3218341888;  nSAbyte=24331036920
GstrandBit=32   SA number of indices=5898433192
Shared memory is not used for genomes. Allocated a private copy of the genome.
Genome file size: 3218341888 bytes; state: good=1 eof=0 fail=0 bad=0
Loading Genome ... done! state: good=1 eof=0 fail=0 bad=0; loaded 3218341888 bytes
SA file size: 24331036920 bytes; state: good=1 eof=0 fail=0 bad=0
Loading SA ... done! state: good=1 eof=0 fail=0 bad=0; loaded 24331036920 bytes
Loading SAindex ... done: 1565873619 bytes
Finished loading the genome: Fri Jul 22 18:09:20 2022

alignIntronMax=alignMatesGapMax=0, the max intron size will be approximately determined by (2^winBinNbits)*winAnchorDistNbins=589824
Created thread # 1
Created thread # 2
Created thread # 3
Created thread # 4
Created thread # 5
Created thread # 6
Created thread # 7
Thread #1 end of input stream, nextChar=-1
Completed: thread #7
Completed: thread #6
Completed: thread #2
Completed: thread #5
Completed: thread #3
Completed: thread #4
Completed: thread #1
Completed: thread #0
Joined thread # 1
Joined thread # 2
Joined thread # 3
Joined thread # 4
Joined thread # 5
Joined thread # 6
Joined thread # 7
Jul 22 18:09:53   Loaded database junctions from the 1st pass file: /gpfs2/well/immune-rep/shared/CODE/Viral-Seq/ExampleOutput/ViRNA_SEQ_UNIQUE_Mapping_Analysis/sub100k/sub100k_STARpass1//SJ.out.tab: 4797 total junctions

Jul 22 18:09:53   Finished preparing junctions
Jul 22 18:09:53 ..... inserting junctions into the genome indices
Jul 22 18:10:02   Finished SA search: number of new junctions=4796, old junctions=0
Jul 22 18:10:03   Finished sorting SA indicesL nInd=1918400
Genome size with junctions=3219305884  3218341888   963996
GstrandBit1=32   GstrandBit=32
Jul 22 18:11:46   Finished inserting junction indices
Jul 22 18:11:53   Finished SAi
Jul 22 18:11:53 ..... finished inserting junctions into genome
Created thread # 1
Created thread # 2
Created thread # 3
Created thread # 4
Created thread # 5
Created thread # 6
Created thread # 7
Thread #5 end of input stream, nextChar=-1
Completed: thread #7
Completed: thread #3
Completed: thread #1
Completed: thread #2
Completed: thread #6
Completed: thread #4
BAM sorting: 16587 mapped reads
BAM sorting bins genomic start loci:
1	0	32042590
2	0	96678847
3	0	183626301
4	1	92932516
5	2	33288979
6	2	65499583
7	2	125800989
8	3	56160128
9	3	120196828
10	5	21383899
11	5	105704451
12	6	44717720
13	6	74920274
14	7	3309158
15	7	88643431
16	8	16382505
17	8	46445750
18	9	46084335
19	10	8245627
20	10	38169018
21	10	48966607
22	10	55453277
23	11	32916425
24	11	130182263
25	12	3824887
26	13	44805723
27	14	22901058
28	14	22901118
29	14	22901154
30	14	22901250
31	14	39312957
32	15	23919627
33	15	101685834
34	16	39976466
35	16	152323028
36	17	86618126
37	17	166382530
38	18	32579078
39	18	73372966
40	18	170535256
41	19	93147945
42	20	56073149
43	20	144790355
44	21	124861484
45	22	2962
46	22	9714
47	23	12976990
48	23	72273340
Completed: thread #5
Completed: thread #0
Joined thread # 1
Joined thread # 2
Joined thread # 3
Joined thread # 4
Joined thread # 5
Joined thread # 6
Joined thread # 7
Jul 22 18:12:06 ..... started sorting BAM
Max memory needed for sorting = 916274
ALL DONE!
