                                 Started job on |	Jul 22 17:44:26
                             Started mapping on |	Jul 22 17:47:38
                                    Finished on |	Jul 22 17:47:49
       Mapping speed, Million of reads per hour |	3.27

                          Number of input reads |	10000
                      Average input read length |	150
                                    UNIQUE READS:
                   Uniquely mapped reads number |	8782
                        Uniquely mapped reads % |	87.82%
                          Average mapped length |	147.58
                       Number of splices: Total |	3736
            Number of splices: Annotated (sjdb) |	3692
                       Number of splices: GT/AG |	3725
                       Number of splices: GC/AG |	6
                       Number of splices: AT/AC |	0
               Number of splices: Non-canonical |	5
                      Mismatch rate per base, % |	0.36%
                         Deletion rate per base |	0.02%
                        Deletion average length |	1.92
                        Insertion rate per base |	0.02%
                       Insertion average length |	1.93
                             MULTI-MAPPING READS:
        Number of reads mapped to multiple loci |	740
             % of reads mapped to multiple loci |	7.40%
        Number of reads mapped to too many loci |	1
             % of reads mapped to too many loci |	0.01%
                                  UNMAPPED READS:
  Number of reads unmapped: too many mismatches |	0
       % of reads unmapped: too many mismatches |	0.00%
            Number of reads unmapped: too short |	472
                 % of reads unmapped: too short |	4.72%
                Number of reads unmapped: other |	5
                     % of reads unmapped: other |	0.05%
                                  CHIMERIC READS:
                       Number of chimeric reads |	0
                            % of chimeric reads |	0.00%
